<?xml version="1.0" encoding="UTF-8"?>
<!-- Generated by org.testng.reporters.JUnitReportReporter -->
<testsuite skipped="0" hostname="DESKTOP-ELF89KR" name="RestAssuredProject.Assignments.Test_Properties" tests="1" failures="0" timestamp="2020-04-03T15:45:24 PKT" time="0.001" errors="0">
  <testcase name="readfile" time="0.001" classname="RestAssuredProject.Assignments.Test_Properties"/>
</testsuite> <!-- RestAssuredProject.Assignments.Test_Properties -->
