<?xml version="1.0" encoding="UTF-8"?>
<!-- Generated by org.testng.reporters.JUnitReportReporter -->
<testsuite skipped="0" hostname="DESKTOP-ELF89KR" name="RestAssuredProject.Assignments.Test_Assignment2" tests="2" failures="0" timestamp="2020-07-19T15:13:56 PKT" time="9.465" errors="0">
  <testcase name="Create_User" time="8.014" classname="RestAssuredProject.Assignments.Test_Assignment2"/>
  <testcase name="Get_Users" time="1.451" classname="RestAssuredProject.Assignments.Test_Assignment2"/>
</testsuite> <!-- RestAssuredProject.Assignments.Test_Assignment2 -->
