<?xml version="1.0" encoding="UTF-8"?>
<!-- Generated by org.testng.reporters.JUnitReportReporter -->
<testsuite skipped="0" hostname="DESKTOP-ELF89KR" name="RestAssuredProject.Assignments.Test_Delete_PET" tests="1" failures="0" timestamp="2020-07-19T17:33:40 PKT" time="18.285" errors="0">
  <testcase name="Delete_PET" time="18.285" classname="RestAssuredProject.Assignments.Test_Delete_PET"/>
</testsuite> <!-- RestAssuredProject.Assignments.Test_Delete_PET -->
