<?xml version="1.0" encoding="UTF-8"?>
<!-- Generated by org.testng.reporters.JUnitReportReporter -->
<testsuite skipped="0" hostname="DESKTOP-ELF89KR" name="RestAssuredProject.Assignments.Test_Assignment1" tests="2" failures="0" timestamp="2020-03-26T20:36:33 PKT" time="33.748" errors="0">
  <testcase name="GetUsers" time="2.046" classname="RestAssuredProject.Assignments.Test_Assignment1"/>
  <testcase name="CreateUser" time="31.702" classname="RestAssuredProject.Assignments.Test_Assignment1"/>
</testsuite> <!-- RestAssuredProject.Assignments.Test_Assignment1 -->
