<?xml version="1.0" encoding="UTF-8"?>
<!-- Generated by org.testng.reporters.JUnitReportReporter -->
<testsuite skipped="0" hostname="DESKTOP-ELF89KR" name="RestAssuredProject.Assignments.Test_Assignment4" tests="3" failures="0" timestamp="2020-07-19T15:13:56 PKT" time="4.219" errors="0">
  <testcase name="Create_User_Using_DataProvider" time="1.445" classname="RestAssuredProject.Assignments.Test_Assignment4"/>
  <testcase name="Create_User_Using_DataProvider" time="1.485" classname="RestAssuredProject.Assignments.Test_Assignment4"/>
  <testcase name="Create_User_Using_HashMap" time="1.289" classname="RestAssuredProject.Assignments.Test_Assignment4"/>
</testsuite> <!-- RestAssuredProject.Assignments.Test_Assignment4 -->
