<?xml version="1.0" encoding="UTF-8"?>
<!-- Generated by org.testng.reporters.JUnitReportReporter -->
<testsuite skipped="0" hostname="DESKTOP-ELF89KR" name="RestAssuredProject.Assignments.Test_Get_Available_Pets" tests="1" failures="0" timestamp="2020-07-19T20:02:12 PKT" time="8.603" errors="0">
  <testcase name="get_all_available_pets" time="8.603" classname="RestAssuredProject.Assignments.Test_Get_Available_Pets"/>
</testsuite> <!-- RestAssuredProject.Assignments.Test_Get_Available_Pets -->
