<?xml version="1.0" encoding="UTF-8"?>
<!-- Generated by org.testng.reporters.JUnitReportReporter -->
<testsuite skipped="0" hostname="DESKTOP-ELF89KR" name="RestAssuredProject.Assignments.Test_Assignment6" tests="1" failures="0" timestamp="2020-07-19T15:13:56 PKT" time="1.170" errors="0">
  <testcase name="Get_Users" time="1.170" classname="RestAssuredProject.Assignments.Test_Assignment6"/>
</testsuite> <!-- RestAssuredProject.Assignments.Test_Assignment6 -->
