<?xml version="1.0" encoding="UTF-8"?>
<!-- Generated by org.testng.reporters.JUnitReportReporter -->
<testsuite skipped="0" hostname="DESKTOP-ELF89KR" name="RestAssuredProject.Assignments.Test_Json" tests="1" failures="0" timestamp="2020-04-03T16:20:38 PKT" time="0.008" errors="0">
  <testcase name="ReadJosn" time="0.008" classname="RestAssuredProject.Assignments.Test_Json"/>
</testsuite> <!-- RestAssuredProject.Assignments.Test_Json -->
