<?xml version="1.0" encoding="UTF-8"?>
<!-- Generated by org.testng.reporters.JUnitReportReporter -->
<testsuite skipped="0" hostname="DESKTOP-ELF89KR" name="RestAssuredProject.Assignments.Test_Create_New_Pet" tests="1" failures="0" timestamp="2020-07-19T17:33:40 PKT" time="35.340" errors="0">
  <testcase name="Create_New_PET" time="35.340" classname="RestAssuredProject.Assignments.Test_Create_New_Pet"/>
</testsuite> <!-- RestAssuredProject.Assignments.Test_Create_New_Pet -->
