<?xml version="1.0" encoding="UTF-8"?>
<!-- Generated by org.testng.reporters.JUnitReportReporter -->
<testsuite skipped="0" hostname="DESKTOP-ELF89KR" name="RestAssuredProject.Assignments.Test_Assignment5" tests="1" failures="0" timestamp="2020-07-19T15:13:56 PKT" time="2.844" errors="0">
  <testcase name="CreateUsers" time="2.844" classname="RestAssuredProject.Assignments.Test_Assignment5"/>
</testsuite> <!-- RestAssuredProject.Assignments.Test_Assignment5 -->
